2024-12-07T02:30:33.558300Z ERROR Starting up
2024-12-07T03:02:20.193559Z  INFO t

2024-12-07T03:02:20.344563Z  INFO tes

2024-12-07T03:02:20.492952Z  INFO test

2024-12-07T03:02:20.642635Z  INFO test:

2024-12-07T03:02:20.998667Z  INFO test:


2024-12-07T03:02:21.146342Z  INFO test:
  

2024-12-07T03:02:21.295092Z  INFO test:
    

2024-12-07T03:02:21.612962Z  INFO test:
   

2024-12-07T03:02:21.761786Z  INFO test:
  

2024-12-07T03:02:21.871428Z  INFO test:
  l

2024-12-07T03:02:22.023204Z  INFO test:
  ld

2024-12-07T03:02:22.172926Z  INFO test:
  lda

2024-12-07T03:02:22.323650Z  INFO test:
  lda 

2024-12-07T03:02:22.747978Z  INFO test:
  lda t

2024-12-07T03:02:22.898577Z  INFO test:
  lda te

2024-12-07T03:02:23.051160Z  INFO test:
  lda test

2024-12-07T03:02:23.395133Z  INFO test:
  lda test
  

2024-12-07T03:02:29.338655Z  INFO test:
  lda test
  h

2024-12-07T03:02:29.489127Z  INFO test:
  lda test
  hi

2024-12-07T03:02:30.309459Z  INFO test:
  lda test
  h

2024-12-07T03:02:30.483275Z  INFO test:
  lda test
  

2024-12-07T03:02:32.201983Z  INFO test:
  lda test
  i

2024-12-07T03:02:32.351153Z  INFO test:
  lda test
  in

2024-12-07T03:02:32.502786Z  INFO test:
  lda test
  inc

2024-12-07T03:02:32.693817Z  INFO test:
  lda test
  inc
  

2024-12-07T03:02:33.190747Z  INFO test:
  lda test
  inc
 

2024-12-07T03:02:33.339724Z  INFO test:
  lda test
  inc


2024-12-07T03:02:34.015201Z  INFO test:
  lda test
  inc
.

2024-12-07T03:02:34.559942Z  INFO test:
  lda test
  inc
.l

2024-12-07T03:02:34.725010Z  INFO test:
  lda test
  inc
.lo

2024-12-07T03:02:34.929003Z  INFO test:
  lda test
  inc
.loo

2024-12-07T03:02:35.078387Z  INFO test:
  lda test
  inc
.loop

2024-12-07T03:02:35.360614Z  INFO test:
  lda test
  inc
.loop:

2024-12-07T03:02:35.714600Z  INFO test:
  lda test
  inc
.loop:


2024-12-07T03:02:35.865378Z  INFO test:
  lda test
  inc
.loop:
  

2024-12-07T03:02:36.622462Z  INFO test:
  lda test
  inc
.loop:
  i

2024-12-07T03:02:36.771816Z  INFO test:
  lda test
  inc
.loop:
  in

2024-12-07T03:02:36.956993Z  INFO test:
  lda test
  inc
.loop:
  inc

2024-12-07T03:02:37.283981Z  INFO test:
  lda test
  inc
.loop:
  inc
  

2024-12-07T03:02:37.788065Z  INFO test:
  lda test
  inc
.loop:
  inc
 

2024-12-07T03:02:37.937231Z  INFO test:
  lda test
  inc
.loop:
  inc


2024-12-07T03:02:38.087491Z  INFO test:
  lda test
  inc
.loop:
  inc

  

2024-12-07T03:02:38.524613Z  INFO test:
  lda test
  inc
.loop:
  inc

 

2024-12-07T03:02:38.674575Z  INFO test:
  lda test
  inc
.loop:
  inc



2024-12-07T03:02:38.828812Z  INFO test:
  lda test
  inc
.loop:
  inc

t

2024-12-07T03:02:38.977748Z  INFO test:
  lda test
  inc
.loop:
  inc

tes

2024-12-07T03:02:39.127051Z  INFO test:
  lda test
  inc
.loop:
  inc

test

2024-12-07T03:02:39.306480Z  INFO test:
  lda test
  inc
.loop:
  inc

test2

2024-12-07T03:02:39.506499Z  INFO test:
  lda test
  inc
.loop:
  inc

test2:

2024-12-07T03:02:39.879165Z  INFO test:
  lda test
  inc
.loop:
  inc

test2:


2024-12-07T03:02:40.029265Z  INFO test:
  lda test
  inc
.loop:
  inc

test2:
  

2024-12-07T03:02:40.535898Z  INFO test:
  lda test
  inc
.loop:
  inc

test2:
  i

2024-12-07T03:02:40.684996Z  INFO test:
  lda test
  inc
.loop:
  inc

test2:
  in

2024-12-07T03:02:40.836469Z  INFO test:
  lda test
  inc
.loop:
  inc

test2:
  inc

